<?xml version="1.0" encoding="UTF-8"?>
<testsuite xmlns:xsi="http://www.w3.org/2001/XMLSchema-instance" xsi:noNamespaceSchemaLocation="https://maven.apache.org/surefire/maven-surefire-plugin/xsd/surefire-test-report-3.0.xsd" version="3.0" name="cucumber.options.TestRunner" time="5.13" tests="1" errors="0" skipped="0" failures="0">
  <properties>
[...]
</properties>
  <testcase name="Verify if Delete Place functionality is working #2" classname="Validating Place API&apos;s" time="4.723">
    <system-out><![CDATA[
@Check
Scenario: Verify if Delete Place functionality is working   # src/test/java/features/last.feature:25
/maps/api/place/add/json
/maps/api/place/get/json
  Given DeletePlace Payload                                 # stepdefinations.StepDefi.deleteplace_Payload()
/maps/api/place/delete/json
  When user calls "deletePlaceAPI" with "POST" http request # stepdefinations.StepDefi.user_calls_with_http_request(java.lang.String,java.lang.String)
{"status":"OK"}
OK
  Then the API call got success with status code 200        # stepdefinations.StepDefi.the_API_call_got_success_with_status_code(java.lang.Integer)
  And "status" in response body is "OK"                     # stepdefinations.StepDefi.in_response_body_is(java.lang.String,java.lang.String)
]]></system-out>
  </testcase>
</testsuite>